{
  "stats": {
    "suites": 12,
    "tests": 41,
    "passes": 23,
    "pending": 0,
    "failures": 18,
    "start": "2022-07-10T00:42:37.549Z",
    "end": "2022-07-10T00:44:15.130Z",
    "duration": 97581,
    "testsRegistered": 41,
    "passPercent": 56.09756097560976,
    "pendingPercent": 0,
    "other": 0,
    "hasOther": false,
    "skipped": 0,
    "hasSkipped": false
  },
  "results": [
    {
      "uuid": "8c37ebb1-ea9f-4eac-ab39-5b6e0dcd846d",
      "title": "",
      "fullFile": "cypress/integration/project.spec.js",
      "file": "cypress/integration/project.spec.js",
      "beforeHooks": [],
      "afterHooks": [],
      "tests": [],
      "suites": [
        {
          "uuid": "a4e68704-2f3b-4ca3-8808-8e8da4642a4b",
          "title": "1 - Adicione à página o título \"Paleta de Cores\".",
          "fullFile": "",
          "file": "",
          "beforeHooks": [],
          "afterHooks": [],
          "tests": [
            {
              "title": "Verifica se contém um elemento `h1` com o id `title` com o título correto",
              "fullTitle": "1 - Adicione à página o título \"Paleta de Cores\". Verifica se contém um elemento `h1` com o id `title` com o título correto",
              "timedOut": null,
              "duration": 151,
              "state": "passed",
              "speed": "slow",
              "pass": true,
              "fail": false,
              "pending": false,
              "context": null,
              "code": "cy.get('h1#title').should('contain.text', 'Paleta de Cores');",
              "err": {},
              "uuid": "733fbb8f-c831-47d8-a84e-4091607673a0",
              "parentUUID": "a4e68704-2f3b-4ca3-8808-8e8da4642a4b",
              "isHook": false,
              "skipped": false
            }
          ],
          "suites": [],
          "passes": [
            "733fbb8f-c831-47d8-a84e-4091607673a0"
          ],
          "failures": [],
          "pending": [],
          "skipped": [],
          "duration": 151,
          "root": false,
          "rootEmpty": false,
          "_timeout": 2000
        },
        {
          "uuid": "3f4ef91d-8caf-4874-9bda-7e9d8103a3bb",
          "title": "2 - Adicione à página uma paleta de quatro cores distintas.",
          "fullFile": "",
          "file": "",
          "beforeHooks": [],
          "afterHooks": [],
          "tests": [
            {
              "title": "A paleta de cores deve ser um elemento com `id` denominado `color-palette` e ter mais de 0px de altura e de largura.",
              "fullTitle": "2 - Adicione à página uma paleta de quatro cores distintas. A paleta de cores deve ser um elemento com `id` denominado `color-palette` e ter mais de 0px de altura e de largura.",
              "timedOut": null,
              "duration": 74,
              "state": "passed",
              "speed": "medium",
              "pass": true,
              "fail": false,
              "pending": false,
              "context": null,
              "code": "cy.get('#color-palette').should('be.visible');\ncy.get('#color-palette').children('.color');",
              "err": {},
              "uuid": "9ae01eb0-f525-4269-9608-c18f67a8cf38",
              "parentUUID": "3f4ef91d-8caf-4874-9bda-7e9d8103a3bb",
              "isHook": false,
              "skipped": false
            },
            {
              "title": "Verifica se cada cor individual da paleta de cores possui a `classe` chamada `color`.",
              "fullTitle": "2 - Adicione à página uma paleta de quatro cores distintas. Verifica se cada cor individual da paleta de cores possui a `classe` chamada `color`.",
              "timedOut": null,
              "duration": 146,
              "state": "passed",
              "speed": "slow",
              "pass": true,
              "fail": false,
              "pending": false,
              "context": null,
              "code": "cy.get('.color').should('have.length', 4).then(function (colors) {\n  for (var i = 0; i < colors.length; i++) {\n    cy.wrap(colors[i]).should('be.visible');\n  }\n});",
              "err": {},
              "uuid": "a7017336-5cae-4cb0-ba0d-b99a7316ec76",
              "parentUUID": "3f4ef91d-8caf-4874-9bda-7e9d8103a3bb",
              "isHook": false,
              "skipped": false
            },
            {
              "title": "Verifica se a cor de fundo de cada elemento da paleta é a cor que o elemento representa. **A única cor não permitida na paleta é a cor branca.**",
              "fullTitle": "2 - Adicione à página uma paleta de quatro cores distintas. Verifica se a cor de fundo de cada elemento da paleta é a cor que o elemento representa. **A única cor não permitida na paleta é a cor branca.**",
              "timedOut": null,
              "duration": 114,
              "state": "passed",
              "speed": "slow",
              "pass": true,
              "fail": false,
              "pending": false,
              "context": null,
              "code": "cy.get('.color').each(function (color) {\n  cy.wrap(color).should('have.class', 'color').and('not.have.css', 'background-color', WHITE);\n  cy.wrap(color).should('have.css', 'background-color');\n});",
              "err": {},
              "uuid": "7e876e6d-dec7-48cf-bc21-54f25b2ec488",
              "parentUUID": "3f4ef91d-8caf-4874-9bda-7e9d8103a3bb",
              "isHook": false,
              "skipped": false
            },
            {
              "title": "Verifica se cada elemento da paleta de cores tem uma borda preta, sólida e com 1 pixel de largura;",
              "fullTitle": "2 - Adicione à página uma paleta de quatro cores distintas. Verifica se cada elemento da paleta de cores tem uma borda preta, sólida e com 1 pixel de largura;",
              "timedOut": null,
              "duration": 155,
              "state": "passed",
              "speed": "slow",
              "pass": true,
              "fail": false,
              "pending": false,
              "context": null,
              "code": "cy.get('.color').each(function (color) {\n  cy.wrap(color).and('have.css', 'border', \"1px solid \".concat(BLACK)).and('have.class', 'color');\n});",
              "err": {},
              "uuid": "79e1eb1e-3e5e-4b4e-a2b2-4dd2574f5739",
              "parentUUID": "3f4ef91d-8caf-4874-9bda-7e9d8103a3bb",
              "isHook": false,
              "skipped": false
            },
            {
              "title": "Verifica se a paleta lista todas as cores disponíveis para utilização, lado a lado.",
              "fullTitle": "2 - Adicione à página uma paleta de quatro cores distintas. Verifica se a paleta lista todas as cores disponíveis para utilização, lado a lado.",
              "timedOut": null,
              "duration": 117,
              "state": "passed",
              "speed": "slow",
              "pass": true,
              "fail": false,
              "pending": false,
              "context": null,
              "code": "cy.get('.color').then(function (colors) {\n  for (var index = 1; index < colors.length; index += 1) {\n    var currentColor = colors[index];\n    var previousColor = colors[index - 1];\n    cy.wrap(currentColor).should('be.onTheRightOf', previousColor).and('be.horizontallyAlignedWith', previousColor);\n  }\n});",
              "err": {},
              "uuid": "406cb638-cf69-4a11-9bf0-24d25624e532",
              "parentUUID": "3f4ef91d-8caf-4874-9bda-7e9d8103a3bb",
              "isHook": false,
              "skipped": false
            },
            {
              "title": "Verifica se a paleta de cores está posicionada abaixo do título 'Paleta de Cores'",
              "fullTitle": "2 - Adicione à página uma paleta de quatro cores distintas. Verifica se a paleta de cores está posicionada abaixo do título 'Paleta de Cores'",
              "timedOut": null,
              "duration": 144,
              "state": "passed",
              "speed": "slow",
              "pass": true,
              "fail": false,
              "pending": false,
              "context": null,
              "code": "cy.get('h1#title').then(function (title) {\n  cy.get('#color-palette').should('be.belowOf', title);\n});",
              "err": {},
              "uuid": "541bd335-4fe7-4757-b3a8-1d9740157599",
              "parentUUID": "3f4ef91d-8caf-4874-9bda-7e9d8103a3bb",
              "isHook": false,
              "skipped": false
            },
            {
              "title": "Verifica se a paleta de cores não contém cores repetidas.",
              "fullTitle": "2 - Adicione à página uma paleta de quatro cores distintas. Verifica se a paleta de cores não contém cores repetidas.",
              "timedOut": null,
              "duration": 76,
              "state": "passed",
              "speed": "slow",
              "pass": true,
              "fail": false,
              "pending": false,
              "context": null,
              "code": "cy.get('.color').then(function (colors) {\n  var allColors = Array.from(colors).map(function (color) {\n    return Cypress.$(color).css('background-color');\n  });\n  cy.log(allColors);\n  var uniqColors = (0, _toConsumableArray2[\"default\"])(new Set(allColors));\n  cy.log(uniqColors);\n  expect(allColors.length).to.eq(uniqColors.length);\n});",
              "err": {},
              "uuid": "73f6b6b3-9dec-4af5-9348-1000bb52758c",
              "parentUUID": "3f4ef91d-8caf-4874-9bda-7e9d8103a3bb",
              "isHook": false,
              "skipped": false
            }
          ],
          "suites": [],
          "passes": [
            "9ae01eb0-f525-4269-9608-c18f67a8cf38",
            "a7017336-5cae-4cb0-ba0d-b99a7316ec76",
            "7e876e6d-dec7-48cf-bc21-54f25b2ec488",
            "79e1eb1e-3e5e-4b4e-a2b2-4dd2574f5739",
            "406cb638-cf69-4a11-9bf0-24d25624e532",
            "541bd335-4fe7-4757-b3a8-1d9740157599",
            "73f6b6b3-9dec-4af5-9348-1000bb52758c"
          ],
          "failures": [],
          "pending": [],
          "skipped": [],
          "duration": 826,
          "root": false,
          "rootEmpty": false,
          "_timeout": 2000
        },
        {
          "uuid": "41465faa-962e-47bf-a64a-f6a8c4a4294f",
          "title": "3 - Adicione a cor **preta** como a primeira cor da paleta de cores.",
          "fullFile": "",
          "file": "",
          "beforeHooks": [],
          "afterHooks": [],
          "tests": [
            {
              "title": "Verifica se a primeira cor da paleta é preta",
              "fullTitle": "3 - Adicione a cor **preta** como a primeira cor da paleta de cores. Verifica se a primeira cor da paleta é preta",
              "timedOut": null,
              "duration": 81,
              "state": "passed",
              "speed": "slow",
              "pass": true,
              "fail": false,
              "pending": false,
              "context": null,
              "code": "cy.get('.color').first().should('have.css', 'background-color', BLACK);",
              "err": {},
              "uuid": "ccdef8bb-9a9b-49e6-924b-88860c759d31",
              "parentUUID": "41465faa-962e-47bf-a64a-f6a8c4a4294f",
              "isHook": false,
              "skipped": false
            },
            {
              "title": "Verifica se as demais cores podem ser escolhidas livremente.",
              "fullTitle": "3 - Adicione a cor **preta** como a primeira cor da paleta de cores. Verifica se as demais cores podem ser escolhidas livremente.",
              "timedOut": null,
              "duration": 190,
              "state": "passed",
              "speed": "slow",
              "pass": true,
              "fail": false,
              "pending": false,
              "context": null,
              "code": "cy.get('.color').eq(1).should('not.have.css', 'background-color', BLACK);\ncy.get('.color').eq(1).should('not.have.css', 'background-color', WHITE);\ncy.get('.color').eq(1).should('not.have.css', 'background-color', 'rgba(0, 0, 0, 0)');\ncy.get('.color').eq(1).should('have.css', 'background-color');\ncy.get('.color').eq(2).should('not.have.css', 'background-color', BLACK);\ncy.get('.color').eq(2).should('not.have.css', 'background-color', WHITE);\ncy.get('.color').eq(2).should('not.have.css', 'background-color', 'rgba(0, 0, 0, 0)');\ncy.get('.color').eq(2).should('have.css', 'background-color');\ncy.get('.color').eq(3).should('not.have.css', 'background-color', BLACK);\ncy.get('.color').eq(3).should('not.have.css', 'background-color', WHITE);\ncy.get('.color').eq(3).should('not.have.css', 'background-color', 'rgba(0, 0, 0, 0)');\ncy.get('.color').eq(3).should('have.css', 'background-color');",
              "err": {},
              "uuid": "7e94b7e4-79c1-42be-9b36-0cb95d83d4fb",
              "parentUUID": "41465faa-962e-47bf-a64a-f6a8c4a4294f",
              "isHook": false,
              "skipped": false
            }
          ],
          "suites": [],
          "passes": [
            "ccdef8bb-9a9b-49e6-924b-88860c759d31",
            "7e94b7e4-79c1-42be-9b36-0cb95d83d4fb"
          ],
          "failures": [],
          "pending": [],
          "skipped": [],
          "duration": 271,
          "root": false,
          "rootEmpty": false,
          "_timeout": 2000
        },
        {
          "uuid": "6ec3311b-e5bd-41ce-8296-dd88a57c020e",
          "title": "4 - Adicione à página um quadro de pixels, com 25 pixels.",
          "fullFile": "",
          "file": "",
          "beforeHooks": [],
          "afterHooks": [],
          "tests": [
            {
              "title": "Verifica se o quadro de pixels possui o `id` denominado `pixel-board`",
              "fullTitle": "4 - Adicione à página um quadro de pixels, com 25 pixels. Verifica se o quadro de pixels possui o `id` denominado `pixel-board`",
              "timedOut": null,
              "duration": 65,
              "state": "passed",
              "speed": "medium",
              "pass": true,
              "fail": false,
              "pending": false,
              "context": null,
              "code": "cy.get('#pixel-board').should('be.visible');",
              "err": {},
              "uuid": "1d51cbb4-a706-4a26-992f-bb4461a17726",
              "parentUUID": "6ec3311b-e5bd-41ce-8296-dd88a57c020e",
              "isHook": false,
              "skipped": false
            },
            {
              "title": "Verifica se cada pixel individual dentro do quadro possui a `classe` denominada `pixel`.",
              "fullTitle": "4 - Adicione à página um quadro de pixels, com 25 pixels. Verifica se cada pixel individual dentro do quadro possui a `classe` denominada `pixel`.",
              "timedOut": null,
              "duration": 114,
              "state": "passed",
              "speed": "slow",
              "pass": true,
              "fail": false,
              "pending": false,
              "context": null,
              "code": "cy.get('.pixel').should('have.length', 25);",
              "err": {},
              "uuid": "7b30b167-3cc3-49c6-871f-ed3a4a5664a6",
              "parentUUID": "6ec3311b-e5bd-41ce-8296-dd88a57c020e",
              "isHook": false,
              "skipped": false
            },
            {
              "title": "Verifica se a cor inicial dos pixels dentro do quadro, ao abrir a página, é branca.",
              "fullTitle": "4 - Adicione à página um quadro de pixels, com 25 pixels. Verifica se a cor inicial dos pixels dentro do quadro, ao abrir a página, é branca.",
              "timedOut": null,
              "duration": 141,
              "state": "passed",
              "speed": "slow",
              "pass": true,
              "fail": false,
              "pending": false,
              "context": null,
              "code": "cy.get('.pixel').should('have.length', 25).each(function (pixel) {\n  expect(pixel).to.have.css('background-color', WHITE);\n});",
              "err": {},
              "uuid": "e411f7aa-911d-4059-babf-ee96e7ef62d4",
              "parentUUID": "6ec3311b-e5bd-41ce-8296-dd88a57c020e",
              "isHook": false,
              "skipped": false
            },
            {
              "title": "Verifica se o quadro de pixels aparece abaixo da paleta de cores",
              "fullTitle": "4 - Adicione à página um quadro de pixels, com 25 pixels. Verifica se o quadro de pixels aparece abaixo da paleta de cores",
              "timedOut": null,
              "duration": 79,
              "state": "passed",
              "speed": "slow",
              "pass": true,
              "fail": false,
              "pending": false,
              "context": null,
              "code": "cy.get('#color-palette').then(function (palette) {\n  cy.get('#pixel-board').should('be.belowOf', palette);\n});",
              "err": {},
              "uuid": "eea6e881-5b6c-40e4-a711-f7128743ffe3",
              "parentUUID": "6ec3311b-e5bd-41ce-8296-dd88a57c020e",
              "isHook": false,
              "skipped": false
            }
          ],
          "suites": [],
          "passes": [
            "1d51cbb4-a706-4a26-992f-bb4461a17726",
            "7b30b167-3cc3-49c6-871f-ed3a4a5664a6",
            "e411f7aa-911d-4059-babf-ee96e7ef62d4",
            "eea6e881-5b6c-40e4-a711-f7128743ffe3"
          ],
          "failures": [],
          "pending": [],
          "skipped": [],
          "duration": 399,
          "root": false,
          "rootEmpty": false,
          "_timeout": 2000
        },
        {
          "uuid": "b380092f-5a50-4e62-b33e-4e7958ed977d",
          "title": "5 - Faça com que cada elemento do quadro de pixels possua 40 pixels de largura, 40 pixels de altura e seja delimitado por uma borda preta de 1 pixel.",
          "fullFile": "",
          "file": "",
          "beforeHooks": [],
          "afterHooks": [],
          "tests": [
            {
              "title": "Verifica se o quadro de pixels tem altura e comprimento de 5 elementos",
              "fullTitle": "5 - Faça com que cada elemento do quadro de pixels possua 40 pixels de largura, 40 pixels de altura e seja delimitado por uma borda preta de 1 pixel. Verifica se o quadro de pixels tem altura e comprimento de 5 elementos",
              "timedOut": null,
              "duration": 275,
              "state": "passed",
              "speed": "slow",
              "pass": true,
              "fail": false,
              "pending": false,
              "context": null,
              "code": "cy.get('.pixel').should('have.length', 25).each(function (pixel) {\n  expect(pixel).to.have.css('background-color', WHITE);\n}).and(function (pixels) {\n  var rows = chunk(pixels, 5);\n  rows.forEach(function (row) {\n    for (var index = 1; index < row.length; index += 1) {\n      var current = pixels[index];\n      var previous = pixels[index - 1];\n      cy.wrap(current).should('be.onTheRightOf', previous).and('be.horizontallyAlignedWith', previous);\n    }\n  });\n  for (var index = 1; index < 5; index += 1) {\n    expect(pixels[index * 5]).to.be.belowOf(pixels[(index - 1) * 5]);\n  }\n});",
              "err": {},
              "uuid": "8aa7c28f-7d2c-4bc6-bee2-9d5f87d32828",
              "parentUUID": "b380092f-5a50-4e62-b33e-4e7958ed977d",
              "isHook": false,
              "skipped": false
            },
            {
              "title": "Verifica se 40 pixels é o tamanho total do elemento, incluindo seu conteúdo e excluindo a borda preta, que deve ser criada à parte.",
              "fullTitle": "5 - Faça com que cada elemento do quadro de pixels possua 40 pixels de largura, 40 pixels de altura e seja delimitado por uma borda preta de 1 pixel. Verifica se 40 pixels é o tamanho total do elemento, incluindo seu conteúdo e excluindo a borda preta, que deve ser criada à parte.",
              "timedOut": null,
              "duration": 259,
              "state": "passed",
              "speed": "slow",
              "pass": true,
              "fail": false,
              "pending": false,
              "context": null,
              "code": "cy.get('.pixel').each(function (pixel) {\n  cy.wrap(pixel).should('have.css', 'height', '40px').and('have.css', 'width', '40px').and('have.css', 'border', \"1px solid \".concat(BLACK));\n});",
              "err": {},
              "uuid": "412a8626-c364-4ddd-b061-9125cedb2001",
              "parentUUID": "b380092f-5a50-4e62-b33e-4e7958ed977d",
              "isHook": false,
              "skipped": false
            }
          ],
          "suites": [],
          "passes": [
            "8aa7c28f-7d2c-4bc6-bee2-9d5f87d32828",
            "412a8626-c364-4ddd-b061-9125cedb2001"
          ],
          "failures": [],
          "pending": [],
          "skipped": [],
          "duration": 534,
          "root": false,
          "rootEmpty": false,
          "_timeout": 2000
        },
        {
          "uuid": "61968cb2-c8a5-461d-b822-92c25c52d5d9",
          "title": "6 - Defina a cor preta como cor inicial. Ao carregar a página a cor preta já deve estar selecionada para pintar os pixels",
          "fullFile": "",
          "file": "",
          "beforeHooks": [],
          "afterHooks": [],
          "tests": [
            {
              "title": "Verifica se o elemento da cor preta possui, inicialmente, a `classe` `selected`",
              "fullTitle": "6 - Defina a cor preta como cor inicial. Ao carregar a página a cor preta já deve estar selecionada para pintar os pixels Verifica se o elemento da cor preta possui, inicialmente, a `classe` `selected`",
              "timedOut": null,
              "duration": 62,
              "state": "passed",
              "speed": "medium",
              "pass": true,
              "fail": false,
              "pending": false,
              "context": null,
              "code": "cy.get('.selected').first().should('have.css', 'background-color', BLACK);",
              "err": {},
              "uuid": "f17965e1-90a8-45cf-a728-44da62b45588",
              "parentUUID": "61968cb2-c8a5-461d-b822-92c25c52d5d9",
              "isHook": false,
              "skipped": false
            },
            {
              "title": "Verifica se nenhuma outra cor da paleta tem a `classe` `selected`",
              "fullTitle": "6 - Defina a cor preta como cor inicial. Ao carregar a página a cor preta já deve estar selecionada para pintar os pixels Verifica se nenhuma outra cor da paleta tem a `classe` `selected`",
              "timedOut": null,
              "duration": 101,
              "state": "passed",
              "speed": "slow",
              "pass": true,
              "fail": false,
              "pending": false,
              "context": null,
              "code": "cy.get('.color:not(:first-child)').each(function (color) {\n  cy.wrap(color).should('not.have.class', 'selected');\n});",
              "err": {},
              "uuid": "aee364c3-ae78-41b6-a4e6-735bf9f902db",
              "parentUUID": "61968cb2-c8a5-461d-b822-92c25c52d5d9",
              "isHook": false,
              "skipped": false
            }
          ],
          "suites": [],
          "passes": [
            "f17965e1-90a8-45cf-a728-44da62b45588",
            "aee364c3-ae78-41b6-a4e6-735bf9f902db"
          ],
          "failures": [],
          "pending": [],
          "skipped": [],
          "duration": 163,
          "root": false,
          "rootEmpty": false,
          "_timeout": 2000
        },
        {
          "uuid": "bd400991-21df-4d4c-956b-81ac693051d6",
          "title": "7 - Clicar em uma das cores da paleta, faz com que ela seja selecionada e utilizada para preencher os pixels no quadro.",
          "fullFile": "",
          "file": "",
          "beforeHooks": [],
          "afterHooks": [],
          "tests": [
            {
              "title": "Verifica se somente uma cor da paleta de cores tem a classe `selected` de cada vez",
              "fullTitle": "7 - Clicar em uma das cores da paleta, faz com que ela seja selecionada e utilizada para preencher os pixels no quadro. Verifica se somente uma cor da paleta de cores tem a classe `selected` de cada vez",
              "timedOut": null,
              "duration": 472,
              "state": "passed",
              "speed": "slow",
              "pass": true,
              "fail": false,
              "pending": false,
              "context": null,
              "code": "cy.get('.color').each(function (selectedColor, selectedColorIndex) {\n  cy.wrap(selectedColor).click();\n  cy.get('.color').each(function (color, colorIndex) {\n    if (colorIndex === selectedColorIndex) {\n      expect(color).to.have[\"class\"]('selected');\n    } else {\n      expect(color).not.to.have[\"class\"]('selected');\n    }\n  });\n});",
              "err": {},
              "uuid": "211d4cbf-31d1-4471-9271-b0626376cd2e",
              "parentUUID": "bd400991-21df-4d4c-956b-81ac693051d6",
              "isHook": false,
              "skipped": false
            },
            {
              "title": "Verifica se os pixels dentro do quadro não têm a classe `selected` quando são clicados",
              "fullTitle": "7 - Clicar em uma das cores da paleta, faz com que ela seja selecionada e utilizada para preencher os pixels no quadro. Verifica se os pixels dentro do quadro não têm a classe `selected` quando são clicados",
              "timedOut": null,
              "duration": 8763,
              "state": "passed",
              "speed": "slow",
              "pass": true,
              "fail": false,
              "pending": false,
              "context": null,
              "code": "cy.get('.color').each(function (color) {\n  var backgroundColor = color.css('background-color');\n  cy.wrap(color).click();\n  cy.get('.pixel').each(function (pixel) {\n    cy.wrap(pixel).click().should('not.have.class', 'selected');\n  });\n});",
              "err": {},
              "uuid": "9e914815-204f-4f82-ad67-f68356fc84cb",
              "parentUUID": "bd400991-21df-4d4c-956b-81ac693051d6",
              "isHook": false,
              "skipped": false
            }
          ],
          "suites": [],
          "passes": [
            "211d4cbf-31d1-4471-9271-b0626376cd2e",
            "9e914815-204f-4f82-ad67-f68356fc84cb"
          ],
          "failures": [],
          "pending": [],
          "skipped": [],
          "duration": 9235,
          "root": false,
          "rootEmpty": false,
          "_timeout": 2000
        },
        {
          "uuid": "9f356f07-c861-4a1a-a413-1dd8e08fc22f",
          "title": "8 - Clicar em um pixel dentro do quadro após selecionar uma cor na paleta, faz com que o pixel seja preenchido com a cor selecionada.",
          "fullFile": "",
          "file": "",
          "beforeHooks": [],
          "afterHooks": [],
          "tests": [
            {
              "title": "Verifica se ao carregar a página deve ser possível pintar os pixels de preto",
              "fullTitle": "8 - Clicar em um pixel dentro do quadro após selecionar uma cor na paleta, faz com que o pixel seja preenchido com a cor selecionada. Verifica se ao carregar a página deve ser possível pintar os pixels de preto",
              "timedOut": null,
              "duration": 2172,
              "state": "passed",
              "speed": "slow",
              "pass": true,
              "fail": false,
              "pending": false,
              "context": null,
              "code": "cy.get('.pixel').each(function (pixel) {\n  cy.wrap(pixel).click().should('have.css', 'background-color', BLACK);\n});",
              "err": {},
              "uuid": "77fa5c1b-a403-4717-ba58-c7d186f1381f",
              "parentUUID": "9f356f07-c861-4a1a-a413-1dd8e08fc22f",
              "isHook": false,
              "skipped": false
            },
            {
              "title": "Verifica se após selecionar uma outra cor na paleta, é possível pintar os pixels com essa cor",
              "fullTitle": "8 - Clicar em um pixel dentro do quadro após selecionar uma cor na paleta, faz com que o pixel seja preenchido com a cor selecionada. Verifica se após selecionar uma outra cor na paleta, é possível pintar os pixels com essa cor",
              "timedOut": null,
              "duration": 8608,
              "state": "passed",
              "speed": "slow",
              "pass": true,
              "fail": false,
              "pending": false,
              "context": null,
              "code": "cy.get('.color').each(function (color) {\n  var backgroundColor = color.css('background-color');\n  cy.wrap(color).click();\n  cy.get('.pixel').each(function (pixel) {\n    cy.wrap(pixel).click().should('have.css', 'background-color', backgroundColor);\n  });\n});",
              "err": {},
              "uuid": "30f4704d-2355-4277-87b5-ae942d27f92a",
              "parentUUID": "9f356f07-c861-4a1a-a413-1dd8e08fc22f",
              "isHook": false,
              "skipped": false
            },
            {
              "title": "Verifica se somente o pixel que foi clicado foi preenchido com a cor selecionada, sem influenciar na cor dos demais pixels.",
              "fullTitle": "8 - Clicar em um pixel dentro do quadro após selecionar uma cor na paleta, faz com que o pixel seja preenchido com a cor selecionada. Verifica se somente o pixel que foi clicado foi preenchido com a cor selecionada, sem influenciar na cor dos demais pixels.",
              "timedOut": null,
              "duration": 1669,
              "state": "passed",
              "speed": "slow",
              "pass": true,
              "fail": false,
              "pending": false,
              "context": null,
              "code": "var colorToPixelIndexMap = {\n  0: 6,\n  1: 8,\n  2: 16,\n  3: 18\n};\ncy.get('.color').each(function (color, index) {\n  cy.wrap(color).click();\n  var backgroundColor = color.css('background-color');\n  var clickedPixelIndex = colorToPixelIndexMap[index];\n  cy.get('.pixel').eq(clickedPixelIndex).click();\n  cy.get('.pixel').eq(clickedPixelIndex - 1).should('not.have.css', 'background-color', backgroundColor);\n  cy.get('.pixel').eq(clickedPixelIndex + 1).should('not.have.css', 'background-color', backgroundColor);\n  cy.get('.pixel').eq(clickedPixelIndex - 5).should('not.have.css', 'background-color', backgroundColor);\n  cy.get('.pixel').eq(clickedPixelIndex + 5).should('not.have.css', 'background-color', backgroundColor);\n  cy.get('.pixel').eq(clickedPixelIndex - 6).should('not.have.css', 'background-color', backgroundColor);\n  cy.get('.pixel').eq(clickedPixelIndex - 4).should('not.have.css', 'background-color', backgroundColor);\n  cy.get('.pixel').eq(clickedPixelIndex + 4).should('not.have.css', 'background-color', backgroundColor);\n  cy.get('.pixel').eq(clickedPixelIndex + 6).should('not.have.css', 'background-color', backgroundColor);\n});",
              "err": {},
              "uuid": "e7057131-5775-4128-bfd3-48a25b6737c6",
              "parentUUID": "9f356f07-c861-4a1a-a413-1dd8e08fc22f",
              "isHook": false,
              "skipped": false
            }
          ],
          "suites": [],
          "passes": [
            "77fa5c1b-a403-4717-ba58-c7d186f1381f",
            "30f4704d-2355-4277-87b5-ae942d27f92a",
            "e7057131-5775-4128-bfd3-48a25b6737c6"
          ],
          "failures": [],
          "pending": [],
          "skipped": [],
          "duration": 12449,
          "root": false,
          "rootEmpty": false,
          "_timeout": 2000
        },
        {
          "uuid": "f3c3acb3-0c59-42fb-b9e3-e835be2dc91d",
          "title": "9 - Crie um botão que, ao ser clicado, limpa o quadro preenchendo a cor de todos seus pixels com branco.",
          "fullFile": "",
          "file": "",
          "beforeHooks": [],
          "afterHooks": [],
          "tests": [
            {
              "title": "Verifica se o botão tem o `id` denominado `clear-board`",
              "fullTitle": "9 - Crie um botão que, ao ser clicado, limpa o quadro preenchendo a cor de todos seus pixels com branco. Verifica se o botão tem o `id` denominado `clear-board`",
              "timedOut": null,
              "duration": 4359,
              "state": "failed",
              "speed": null,
              "pass": false,
              "fail": true,
              "pending": false,
              "context": null,
              "code": "cy.get('#clear-board').should('be.visible');",
              "err": {
                "message": "CypressError: Timed out retrying: Expected to find element: '#clear-board', but never found it.",
                "estack": "CypressError: Timed out retrying: Expected to find element: '#clear-board', but never found it.\n    at cypressErr (http://localhost:33277/__cypress/runner/cypress_runner.js:149934:9)\n    at throwErr (http://localhost:33277/__cypress/runner/cypress_runner.js:149867:11)\n    at Object.throwErrByPath (http://localhost:33277/__cypress/runner/cypress_runner.js:149915:3)\n    at retry (http://localhost:33277/__cypress/runner/cypress_runner.js:144197:19)\n    at onFailFn (http://localhost:33277/__cypress/runner/cypress_runner.js:132448:16)\n    at tryCatcher (http://localhost:33277/__cypress/runner/cypress_runner.js:167415:23)\n    at Promise._settlePromiseFromHandler (http://localhost:33277/__cypress/runner/cypress_runner.js:165351:31)\n    at Promise._settlePromise (http://localhost:33277/__cypress/runner/cypress_runner.js:165408:18)\n    at Promise._settlePromise0 (http://localhost:33277/__cypress/runner/cypress_runner.js:165453:10)\n    at Promise._settlePromises (http://localhost:33277/__cypress/runner/cypress_runner.js:165528:18)\n    at Async../node_modules/bluebird/js/release/async.js.Async._drainQueue (http://localhost:33277/__cypress/runner/cypress_runner.js:162140:16)\n    at Async../node_modules/bluebird/js/release/async.js.Async._drainQueues (http://localhost:33277/__cypress/runner/cypress_runner.js:162150:10)\n    at Async.drainQueues (http://localhost:33277/__cypress/runner/cypress_runner.js:162024:14)",
                "diff": null
              },
              "uuid": "dde054d6-8307-4696-8775-323228d80066",
              "parentUUID": "f3c3acb3-0c59-42fb-b9e3-e835be2dc91d",
              "isHook": false,
              "skipped": false
            },
            {
              "title": "Verifica se o botão está posicionado entre a paleta de cores e o quadro de pixels",
              "fullTitle": "9 - Crie um botão que, ao ser clicado, limpa o quadro preenchendo a cor de todos seus pixels com branco. Verifica se o botão está posicionado entre a paleta de cores e o quadro de pixels",
              "timedOut": null,
              "duration": 4336,
              "state": "failed",
              "speed": null,
              "pass": false,
              "fail": true,
              "pending": false,
              "context": null,
              "code": "cy.get('#color-palette').then(function (palette) {\n  cy.get('#clear-board').should('be.belowOf', palette);\n});\ncy.get('#clear-board').then(function (clearBtn) {\n  cy.get('#pixel-board').should('be.belowOf', clearBtn);\n});",
              "err": {
                "message": "CypressError: Timed out retrying: Expected to find element: '#clear-board', but never found it.",
                "estack": "CypressError: Timed out retrying: Expected to find element: '#clear-board', but never found it.\n    at cypressErr (http://localhost:33277/__cypress/runner/cypress_runner.js:149934:9)\n    at throwErr (http://localhost:33277/__cypress/runner/cypress_runner.js:149867:11)\n    at Object.throwErrByPath (http://localhost:33277/__cypress/runner/cypress_runner.js:149915:3)\n    at retry (http://localhost:33277/__cypress/runner/cypress_runner.js:144197:19)\n    at onFailFn (http://localhost:33277/__cypress/runner/cypress_runner.js:132448:16)\n    at tryCatcher (http://localhost:33277/__cypress/runner/cypress_runner.js:167415:23)\n    at Promise._settlePromiseFromHandler (http://localhost:33277/__cypress/runner/cypress_runner.js:165351:31)\n    at Promise._settlePromise (http://localhost:33277/__cypress/runner/cypress_runner.js:165408:18)\n    at Promise._settlePromise0 (http://localhost:33277/__cypress/runner/cypress_runner.js:165453:10)\n    at Promise._settlePromises (http://localhost:33277/__cypress/runner/cypress_runner.js:165528:18)\n    at Async../node_modules/bluebird/js/release/async.js.Async._drainQueue (http://localhost:33277/__cypress/runner/cypress_runner.js:162140:16)\n    at Async../node_modules/bluebird/js/release/async.js.Async._drainQueues (http://localhost:33277/__cypress/runner/cypress_runner.js:162150:10)\n    at Async.drainQueues (http://localhost:33277/__cypress/runner/cypress_runner.js:162024:14)",
                "diff": null
              },
              "uuid": "836410cf-76d5-4edd-a7db-dc1e404595f4",
              "parentUUID": "f3c3acb3-0c59-42fb-b9e3-e835be2dc91d",
              "isHook": false,
              "skipped": false
            },
            {
              "title": "Verifica se o texto do botão é 'Limpar'",
              "fullTitle": "9 - Crie um botão que, ao ser clicado, limpa o quadro preenchendo a cor de todos seus pixels com branco. Verifica se o texto do botão é 'Limpar'",
              "timedOut": null,
              "duration": 4295,
              "state": "failed",
              "speed": null,
              "pass": false,
              "fail": true,
              "pending": false,
              "context": null,
              "code": "cy.get('#clear-board').should('contain.text', 'Limpar');",
              "err": {
                "message": "CypressError: Timed out retrying: Expected to find element: '#clear-board', but never found it.",
                "estack": "CypressError: Timed out retrying: Expected to find element: '#clear-board', but never found it.\n    at cypressErr (http://localhost:33277/__cypress/runner/cypress_runner.js:149934:9)\n    at throwErr (http://localhost:33277/__cypress/runner/cypress_runner.js:149867:11)\n    at Object.throwErrByPath (http://localhost:33277/__cypress/runner/cypress_runner.js:149915:3)\n    at retry (http://localhost:33277/__cypress/runner/cypress_runner.js:144197:19)\n    at onFailFn (http://localhost:33277/__cypress/runner/cypress_runner.js:132448:16)\n    at tryCatcher (http://localhost:33277/__cypress/runner/cypress_runner.js:167415:23)\n    at Promise._settlePromiseFromHandler (http://localhost:33277/__cypress/runner/cypress_runner.js:165351:31)\n    at Promise._settlePromise (http://localhost:33277/__cypress/runner/cypress_runner.js:165408:18)\n    at Promise._settlePromise0 (http://localhost:33277/__cypress/runner/cypress_runner.js:165453:10)\n    at Promise._settlePromises (http://localhost:33277/__cypress/runner/cypress_runner.js:165528:18)\n    at Async../node_modules/bluebird/js/release/async.js.Async._drainQueue (http://localhost:33277/__cypress/runner/cypress_runner.js:162140:16)\n    at Async../node_modules/bluebird/js/release/async.js.Async._drainQueues (http://localhost:33277/__cypress/runner/cypress_runner.js:162150:10)\n    at Async.drainQueues (http://localhost:33277/__cypress/runner/cypress_runner.js:162024:14)",
                "diff": null
              },
              "uuid": "c3c1a04f-4db9-4e8b-be02-400531c6e830",
              "parentUUID": "f3c3acb3-0c59-42fb-b9e3-e835be2dc91d",
              "isHook": false,
              "skipped": false
            },
            {
              "title": "Verifica se ao clicar no botão, o quadro de pixels é totalmente preenchido de branco",
              "fullTitle": "9 - Crie um botão que, ao ser clicado, limpa o quadro preenchendo a cor de todos seus pixels com branco. Verifica se ao clicar no botão, o quadro de pixels é totalmente preenchido de branco",
              "timedOut": null,
              "duration": 6685,
              "state": "failed",
              "speed": null,
              "pass": false,
              "fail": true,
              "pending": false,
              "context": null,
              "code": "cy.get('.color').eq(1).then(function (color) {\n  var backgroundColor = color.css('background-color');\n  cy.wrap(color).click();\n  cy.get('.pixel').each(function (pixel) {\n    cy.wrap(pixel).click().should('have.css', 'background-color', backgroundColor);\n  });\n});\ncy.get('#clear-board').click();\ncy.get('.pixel').each(function (pixel) {\n  cy.wrap(pixel).should('have.css', 'background-color', WHITE);\n});",
              "err": {
                "message": "CypressError: Timed out retrying: Expected to find element: '#clear-board', but never found it.",
                "estack": "CypressError: Timed out retrying: Expected to find element: '#clear-board', but never found it.\n    at cypressErr (http://localhost:33277/__cypress/runner/cypress_runner.js:149934:9)\n    at throwErr (http://localhost:33277/__cypress/runner/cypress_runner.js:149867:11)\n    at Object.throwErrByPath (http://localhost:33277/__cypress/runner/cypress_runner.js:149915:3)\n    at retry (http://localhost:33277/__cypress/runner/cypress_runner.js:144197:19)\n    at onFailFn (http://localhost:33277/__cypress/runner/cypress_runner.js:132448:16)\n    at tryCatcher (http://localhost:33277/__cypress/runner/cypress_runner.js:167415:23)\n    at Promise._settlePromiseFromHandler (http://localhost:33277/__cypress/runner/cypress_runner.js:165351:31)\n    at Promise._settlePromise (http://localhost:33277/__cypress/runner/cypress_runner.js:165408:18)\n    at Promise._settlePromise0 (http://localhost:33277/__cypress/runner/cypress_runner.js:165453:10)\n    at Promise._settlePromises (http://localhost:33277/__cypress/runner/cypress_runner.js:165528:18)\n    at Async../node_modules/bluebird/js/release/async.js.Async._drainQueue (http://localhost:33277/__cypress/runner/cypress_runner.js:162140:16)\n    at Async../node_modules/bluebird/js/release/async.js.Async._drainQueues (http://localhost:33277/__cypress/runner/cypress_runner.js:162150:10)\n    at Async.drainQueues (http://localhost:33277/__cypress/runner/cypress_runner.js:162024:14)",
                "diff": null
              },
              "uuid": "c62aad40-d330-42d3-84a8-df36f03c4154",
              "parentUUID": "f3c3acb3-0c59-42fb-b9e3-e835be2dc91d",
              "isHook": false,
              "skipped": false
            }
          ],
          "suites": [],
          "passes": [],
          "failures": [
            "dde054d6-8307-4696-8775-323228d80066",
            "836410cf-76d5-4edd-a7db-dc1e404595f4",
            "c3c1a04f-4db9-4e8b-be02-400531c6e830",
            "c62aad40-d330-42d3-84a8-df36f03c4154"
          ],
          "pending": [],
          "skipped": [],
          "duration": 19675,
          "root": false,
          "rootEmpty": false,
          "_timeout": 2000
        },
        {
          "uuid": "5e6fc47c-b727-4fe1-b8dc-0135f314f293",
          "title": "10 - Faça o quadro de pixels ter seu tamanho definido pelo usuário.",
          "fullFile": "",
          "file": "",
          "beforeHooks": [],
          "afterHooks": [],
          "tests": [
            {
              "title": "Verifica se existe um input com o id `board-size`",
              "fullTitle": "10 - Faça o quadro de pixels ter seu tamanho definido pelo usuário. Verifica se existe um input com o id `board-size`",
              "timedOut": null,
              "duration": 4325,
              "state": "failed",
              "speed": null,
              "pass": false,
              "fail": true,
              "pending": false,
              "context": null,
              "code": "cy.get('#board-size').should('be.visible');",
              "err": {
                "message": "CypressError: Timed out retrying: Expected to find element: '#board-size', but never found it.",
                "estack": "CypressError: Timed out retrying: Expected to find element: '#board-size', but never found it.\n    at cypressErr (http://localhost:33277/__cypress/runner/cypress_runner.js:149934:9)\n    at throwErr (http://localhost:33277/__cypress/runner/cypress_runner.js:149867:11)\n    at Object.throwErrByPath (http://localhost:33277/__cypress/runner/cypress_runner.js:149915:3)\n    at retry (http://localhost:33277/__cypress/runner/cypress_runner.js:144197:19)\n    at onFailFn (http://localhost:33277/__cypress/runner/cypress_runner.js:132448:16)\n    at tryCatcher (http://localhost:33277/__cypress/runner/cypress_runner.js:167415:23)\n    at Promise._settlePromiseFromHandler (http://localhost:33277/__cypress/runner/cypress_runner.js:165351:31)\n    at Promise._settlePromise (http://localhost:33277/__cypress/runner/cypress_runner.js:165408:18)\n    at Promise._settlePromise0 (http://localhost:33277/__cypress/runner/cypress_runner.js:165453:10)\n    at Promise._settlePromises (http://localhost:33277/__cypress/runner/cypress_runner.js:165528:18)\n    at Async../node_modules/bluebird/js/release/async.js.Async._drainQueue (http://localhost:33277/__cypress/runner/cypress_runner.js:162140:16)\n    at Async../node_modules/bluebird/js/release/async.js.Async._drainQueues (http://localhost:33277/__cypress/runner/cypress_runner.js:162150:10)\n    at Async.drainQueues (http://localhost:33277/__cypress/runner/cypress_runner.js:162024:14)",
                "diff": null
              },
              "uuid": "ad55f179-f82d-4003-9793-5590dd7d429c",
              "parentUUID": "5e6fc47c-b727-4fe1-b8dc-0135f314f293",
              "isHook": false,
              "skipped": false
            },
            {
              "title": "Verifica se existe um botão com o id `generate-board`",
              "fullTitle": "10 - Faça o quadro de pixels ter seu tamanho definido pelo usuário. Verifica se existe um botão com o id `generate-board`",
              "timedOut": null,
              "duration": 4353,
              "state": "failed",
              "speed": null,
              "pass": false,
              "fail": true,
              "pending": false,
              "context": null,
              "code": "cy.get('#generate-board').should('be.visible');",
              "err": {
                "message": "CypressError: Timed out retrying: Expected to find element: '#generate-board', but never found it.",
                "estack": "CypressError: Timed out retrying: Expected to find element: '#generate-board', but never found it.\n    at cypressErr (http://localhost:33277/__cypress/runner/cypress_runner.js:149934:9)\n    at throwErr (http://localhost:33277/__cypress/runner/cypress_runner.js:149867:11)\n    at Object.throwErrByPath (http://localhost:33277/__cypress/runner/cypress_runner.js:149915:3)\n    at retry (http://localhost:33277/__cypress/runner/cypress_runner.js:144197:19)\n    at onFailFn (http://localhost:33277/__cypress/runner/cypress_runner.js:132448:16)\n    at tryCatcher (http://localhost:33277/__cypress/runner/cypress_runner.js:167415:23)\n    at Promise._settlePromiseFromHandler (http://localhost:33277/__cypress/runner/cypress_runner.js:165351:31)\n    at Promise._settlePromise (http://localhost:33277/__cypress/runner/cypress_runner.js:165408:18)\n    at Promise._settlePromise0 (http://localhost:33277/__cypress/runner/cypress_runner.js:165453:10)\n    at Promise._settlePromises (http://localhost:33277/__cypress/runner/cypress_runner.js:165528:18)\n    at Async../node_modules/bluebird/js/release/async.js.Async._drainQueue (http://localhost:33277/__cypress/runner/cypress_runner.js:162140:16)\n    at Async../node_modules/bluebird/js/release/async.js.Async._drainQueues (http://localhost:33277/__cypress/runner/cypress_runner.js:162150:10)\n    at Async.drainQueues (http://localhost:33277/__cypress/runner/cypress_runner.js:162024:14)",
                "diff": null
              },
              "uuid": "483d2668-8a4a-4a88-a3aa-2b0273543b84",
              "parentUUID": "5e6fc47c-b727-4fe1-b8dc-0135f314f293",
              "isHook": false,
              "skipped": false
            },
            {
              "title": "Verifica se o input só aceita número maiores que zero. Essa restrição deve ser feita usando os atributos do elemento `input`",
              "fullTitle": "10 - Faça o quadro de pixels ter seu tamanho definido pelo usuário. Verifica se o input só aceita número maiores que zero. Essa restrição deve ser feita usando os atributos do elemento `input`",
              "timedOut": null,
              "duration": 4299,
              "state": "failed",
              "speed": null,
              "pass": false,
              "fail": true,
              "pending": false,
              "context": null,
              "code": "cy.get('#board-size[type=\\'number\\'][min=\\'1\\']');",
              "err": {
                "message": "CypressError: Timed out retrying: Expected to find element: '#board-size[type='number'][min='1']', but never found it.",
                "estack": "CypressError: Timed out retrying: Expected to find element: '#board-size[type='number'][min='1']', but never found it.\n    at cypressErr (http://localhost:33277/__cypress/runner/cypress_runner.js:149934:9)\n    at throwErr (http://localhost:33277/__cypress/runner/cypress_runner.js:149867:11)\n    at Object.throwErrByPath (http://localhost:33277/__cypress/runner/cypress_runner.js:149915:3)\n    at retry (http://localhost:33277/__cypress/runner/cypress_runner.js:144197:19)\n    at onFailFn (http://localhost:33277/__cypress/runner/cypress_runner.js:132448:16)\n    at tryCatcher (http://localhost:33277/__cypress/runner/cypress_runner.js:167415:23)\n    at Promise._settlePromiseFromHandler (http://localhost:33277/__cypress/runner/cypress_runner.js:165351:31)\n    at Promise._settlePromise (http://localhost:33277/__cypress/runner/cypress_runner.js:165408:18)\n    at Promise._settlePromise0 (http://localhost:33277/__cypress/runner/cypress_runner.js:165453:10)\n    at Promise._settlePromises (http://localhost:33277/__cypress/runner/cypress_runner.js:165528:18)\n    at Async../node_modules/bluebird/js/release/async.js.Async._drainQueue (http://localhost:33277/__cypress/runner/cypress_runner.js:162140:16)\n    at Async../node_modules/bluebird/js/release/async.js.Async._drainQueues (http://localhost:33277/__cypress/runner/cypress_runner.js:162150:10)\n    at Async.drainQueues (http://localhost:33277/__cypress/runner/cypress_runner.js:162024:14)",
                "diff": null
              },
              "uuid": "b66fb053-bf41-483c-9b33-45f959a97662",
              "parentUUID": "5e6fc47c-b727-4fe1-b8dc-0135f314f293",
              "isHook": false,
              "skipped": false
            },
            {
              "title": "Verifica se o botão contém o texto 'VQV'",
              "fullTitle": "10 - Faça o quadro de pixels ter seu tamanho definido pelo usuário. Verifica se o botão contém o texto 'VQV'",
              "timedOut": null,
              "duration": 4282,
              "state": "failed",
              "speed": null,
              "pass": false,
              "fail": true,
              "pending": false,
              "context": null,
              "code": "cy.get('#generate-board').contains(/vqv/i);",
              "err": {
                "message": "CypressError: Timed out retrying: Expected to find element: '#generate-board', but never found it.",
                "estack": "CypressError: Timed out retrying: Expected to find element: '#generate-board', but never found it.\n    at cypressErr (http://localhost:33277/__cypress/runner/cypress_runner.js:149934:9)\n    at throwErr (http://localhost:33277/__cypress/runner/cypress_runner.js:149867:11)\n    at Object.throwErrByPath (http://localhost:33277/__cypress/runner/cypress_runner.js:149915:3)\n    at retry (http://localhost:33277/__cypress/runner/cypress_runner.js:144197:19)\n    at onFailFn (http://localhost:33277/__cypress/runner/cypress_runner.js:132448:16)\n    at tryCatcher (http://localhost:33277/__cypress/runner/cypress_runner.js:167415:23)\n    at Promise._settlePromiseFromHandler (http://localhost:33277/__cypress/runner/cypress_runner.js:165351:31)\n    at Promise._settlePromise (http://localhost:33277/__cypress/runner/cypress_runner.js:165408:18)\n    at Promise._settlePromise0 (http://localhost:33277/__cypress/runner/cypress_runner.js:165453:10)\n    at Promise._settlePromises (http://localhost:33277/__cypress/runner/cypress_runner.js:165528:18)\n    at Async../node_modules/bluebird/js/release/async.js.Async._drainQueue (http://localhost:33277/__cypress/runner/cypress_runner.js:162140:16)\n    at Async../node_modules/bluebird/js/release/async.js.Async._drainQueues (http://localhost:33277/__cypress/runner/cypress_runner.js:162150:10)\n    at Async.drainQueues (http://localhost:33277/__cypress/runner/cypress_runner.js:162024:14)",
                "diff": null
              },
              "uuid": "cf25e37b-7fda-44e2-ab0a-1e29a54eb707",
              "parentUUID": "5e6fc47c-b727-4fe1-b8dc-0135f314f293",
              "isHook": false,
              "skipped": false
            },
            {
              "title": "Verifica se o input está posicionado entre a paleta de cores e o quadro de pixels",
              "fullTitle": "10 - Faça o quadro de pixels ter seu tamanho definido pelo usuário. Verifica se o input está posicionado entre a paleta de cores e o quadro de pixels",
              "timedOut": null,
              "duration": 4304,
              "state": "failed",
              "speed": null,
              "pass": false,
              "fail": true,
              "pending": false,
              "context": null,
              "code": "cy.get('#color-palette').then(function (palette) {\n  cy.get('#board-size').should('be.belowOf', palette);\n});\ncy.get('#board-size').then(function (palette) {\n  cy.get('#pixel-board').should('be.belowOf', palette);\n});",
              "err": {
                "message": "CypressError: Timed out retrying: Expected to find element: '#board-size', but never found it.",
                "estack": "CypressError: Timed out retrying: Expected to find element: '#board-size', but never found it.\n    at cypressErr (http://localhost:33277/__cypress/runner/cypress_runner.js:149934:9)\n    at throwErr (http://localhost:33277/__cypress/runner/cypress_runner.js:149867:11)\n    at Object.throwErrByPath (http://localhost:33277/__cypress/runner/cypress_runner.js:149915:3)\n    at retry (http://localhost:33277/__cypress/runner/cypress_runner.js:144197:19)\n    at onFailFn (http://localhost:33277/__cypress/runner/cypress_runner.js:132448:16)\n    at tryCatcher (http://localhost:33277/__cypress/runner/cypress_runner.js:167415:23)\n    at Promise._settlePromiseFromHandler (http://localhost:33277/__cypress/runner/cypress_runner.js:165351:31)\n    at Promise._settlePromise (http://localhost:33277/__cypress/runner/cypress_runner.js:165408:18)\n    at Promise._settlePromise0 (http://localhost:33277/__cypress/runner/cypress_runner.js:165453:10)\n    at Promise._settlePromises (http://localhost:33277/__cypress/runner/cypress_runner.js:165528:18)\n    at Async../node_modules/bluebird/js/release/async.js.Async._drainQueue (http://localhost:33277/__cypress/runner/cypress_runner.js:162140:16)\n    at Async../node_modules/bluebird/js/release/async.js.Async._drainQueues (http://localhost:33277/__cypress/runner/cypress_runner.js:162150:10)\n    at Async.drainQueues (http://localhost:33277/__cypress/runner/cypress_runner.js:162024:14)",
                "diff": null
              },
              "uuid": "df6c9663-9b6b-4fe9-b3cf-43e54e0e5857",
              "parentUUID": "5e6fc47c-b727-4fe1-b8dc-0135f314f293",
              "isHook": false,
              "skipped": false
            },
            {
              "title": "Verifica se o botão está posicionado ao lado do input",
              "fullTitle": "10 - Faça o quadro de pixels ter seu tamanho definido pelo usuário. Verifica se o botão está posicionado ao lado do input",
              "timedOut": null,
              "duration": 4316,
              "state": "failed",
              "speed": null,
              "pass": false,
              "fail": true,
              "pending": false,
              "context": null,
              "code": "cy.get('#board-size').then(function (board) {\n  cy.get('#generate-board').should('be.onTheRightOf', board);\n});",
              "err": {
                "message": "CypressError: Timed out retrying: Expected to find element: '#board-size', but never found it.",
                "estack": "CypressError: Timed out retrying: Expected to find element: '#board-size', but never found it.\n    at cypressErr (http://localhost:33277/__cypress/runner/cypress_runner.js:149934:9)\n    at throwErr (http://localhost:33277/__cypress/runner/cypress_runner.js:149867:11)\n    at Object.throwErrByPath (http://localhost:33277/__cypress/runner/cypress_runner.js:149915:3)\n    at retry (http://localhost:33277/__cypress/runner/cypress_runner.js:144197:19)\n    at onFailFn (http://localhost:33277/__cypress/runner/cypress_runner.js:132448:16)\n    at tryCatcher (http://localhost:33277/__cypress/runner/cypress_runner.js:167415:23)\n    at Promise._settlePromiseFromHandler (http://localhost:33277/__cypress/runner/cypress_runner.js:165351:31)\n    at Promise._settlePromise (http://localhost:33277/__cypress/runner/cypress_runner.js:165408:18)\n    at Promise._settlePromise0 (http://localhost:33277/__cypress/runner/cypress_runner.js:165453:10)\n    at Promise._settlePromises (http://localhost:33277/__cypress/runner/cypress_runner.js:165528:18)\n    at Async../node_modules/bluebird/js/release/async.js.Async._drainQueue (http://localhost:33277/__cypress/runner/cypress_runner.js:162140:16)\n    at Async../node_modules/bluebird/js/release/async.js.Async._drainQueues (http://localhost:33277/__cypress/runner/cypress_runner.js:162150:10)\n    at Async.drainQueues (http://localhost:33277/__cypress/runner/cypress_runner.js:162024:14)",
                "diff": null
              },
              "uuid": "47eae656-6039-4b9b-8d82-3e433f47a98e",
              "parentUUID": "5e6fc47c-b727-4fe1-b8dc-0135f314f293",
              "isHook": false,
              "skipped": false
            },
            {
              "title": "Verifica se nenhum valor for colocado no input ao clicar no botão, um `alert` é exibido com o texto: 'Board inválido!'",
              "fullTitle": "10 - Faça o quadro de pixels ter seu tamanho definido pelo usuário. Verifica se nenhum valor for colocado no input ao clicar no botão, um `alert` é exibido com o texto: 'Board inválido!'",
              "timedOut": null,
              "duration": 4333,
              "state": "failed",
              "speed": null,
              "pass": false,
              "fail": true,
              "pending": false,
              "context": null,
              "code": "var alerted = false;\ncy.on('window:alert', function (msg) {\n  return alerted = msg;\n});\ncy.get('#generate-board').click().then(function () {\n  return expect(alerted).to.match(/Board inválido!/i);\n});",
              "err": {
                "message": "CypressError: Timed out retrying: Expected to find element: '#generate-board', but never found it.",
                "estack": "CypressError: Timed out retrying: Expected to find element: '#generate-board', but never found it.\n    at cypressErr (http://localhost:33277/__cypress/runner/cypress_runner.js:149934:9)\n    at throwErr (http://localhost:33277/__cypress/runner/cypress_runner.js:149867:11)\n    at Object.throwErrByPath (http://localhost:33277/__cypress/runner/cypress_runner.js:149915:3)\n    at retry (http://localhost:33277/__cypress/runner/cypress_runner.js:144197:19)\n    at onFailFn (http://localhost:33277/__cypress/runner/cypress_runner.js:132448:16)\n    at tryCatcher (http://localhost:33277/__cypress/runner/cypress_runner.js:167415:23)\n    at Promise._settlePromiseFromHandler (http://localhost:33277/__cypress/runner/cypress_runner.js:165351:31)\n    at Promise._settlePromise (http://localhost:33277/__cypress/runner/cypress_runner.js:165408:18)\n    at Promise._settlePromise0 (http://localhost:33277/__cypress/runner/cypress_runner.js:165453:10)\n    at Promise._settlePromises (http://localhost:33277/__cypress/runner/cypress_runner.js:165528:18)\n    at Async../node_modules/bluebird/js/release/async.js.Async._drainQueue (http://localhost:33277/__cypress/runner/cypress_runner.js:162140:16)\n    at Async../node_modules/bluebird/js/release/async.js.Async._drainQueues (http://localhost:33277/__cypress/runner/cypress_runner.js:162150:10)\n    at Async.drainQueues (http://localhost:33277/__cypress/runner/cypress_runner.js:162024:14)",
                "diff": null
              },
              "uuid": "0fb732f0-a65d-41b3-888a-af43f5c9918a",
              "parentUUID": "5e6fc47c-b727-4fe1-b8dc-0135f314f293",
              "isHook": false,
              "skipped": false
            },
            {
              "title": "Verifica se ao clicar no botão com um valor preenchido, o tamanho do board muda.",
              "fullTitle": "10 - Faça o quadro de pixels ter seu tamanho definido pelo usuário. Verifica se ao clicar no botão com um valor preenchido, o tamanho do board muda.",
              "timedOut": null,
              "duration": 4346,
              "state": "failed",
              "speed": null,
              "pass": false,
              "fail": true,
              "pending": false,
              "context": null,
              "code": "cy.get('#board-size').clear().type(10);\ncy.get('#generate-board').click();\ncy.get('.pixel').should('have.length', 100);",
              "err": {
                "message": "CypressError: Timed out retrying: Expected to find element: '#board-size', but never found it.",
                "estack": "CypressError: Timed out retrying: Expected to find element: '#board-size', but never found it.\n    at cypressErr (http://localhost:33277/__cypress/runner/cypress_runner.js:149934:9)\n    at throwErr (http://localhost:33277/__cypress/runner/cypress_runner.js:149867:11)\n    at Object.throwErrByPath (http://localhost:33277/__cypress/runner/cypress_runner.js:149915:3)\n    at retry (http://localhost:33277/__cypress/runner/cypress_runner.js:144197:19)\n    at onFailFn (http://localhost:33277/__cypress/runner/cypress_runner.js:132448:16)\n    at tryCatcher (http://localhost:33277/__cypress/runner/cypress_runner.js:167415:23)\n    at Promise._settlePromiseFromHandler (http://localhost:33277/__cypress/runner/cypress_runner.js:165351:31)\n    at Promise._settlePromise (http://localhost:33277/__cypress/runner/cypress_runner.js:165408:18)\n    at Promise._settlePromise0 (http://localhost:33277/__cypress/runner/cypress_runner.js:165453:10)\n    at Promise._settlePromises (http://localhost:33277/__cypress/runner/cypress_runner.js:165528:18)\n    at Async../node_modules/bluebird/js/release/async.js.Async._drainQueue (http://localhost:33277/__cypress/runner/cypress_runner.js:162140:16)\n    at Async../node_modules/bluebird/js/release/async.js.Async._drainQueues (http://localhost:33277/__cypress/runner/cypress_runner.js:162150:10)\n    at Async.drainQueues (http://localhost:33277/__cypress/runner/cypress_runner.js:162024:14)",
                "diff": null
              },
              "uuid": "db8ef0ea-30a3-4907-aba0-de9173711d2a",
              "parentUUID": "5e6fc47c-b727-4fe1-b8dc-0135f314f293",
              "isHook": false,
              "skipped": false
            },
            {
              "title": "Verifica se o novo quadro tem todos os pixels preenchidos com a cor branca",
              "fullTitle": "10 - Faça o quadro de pixels ter seu tamanho definido pelo usuário. Verifica se o novo quadro tem todos os pixels preenchidos com a cor branca",
              "timedOut": null,
              "duration": 4305,
              "state": "failed",
              "speed": null,
              "pass": false,
              "fail": true,
              "pending": false,
              "context": null,
              "code": "cy.get('#board-size').clear().type(6);\ncy.get('#generate-board').click();\ncy.get('.pixel').should('have.length', 36).each(function (pixel) {\n  expect(pixel).to.have.css('background-color', WHITE);\n});",
              "err": {
                "message": "CypressError: Timed out retrying: Expected to find element: '#board-size', but never found it.",
                "estack": "CypressError: Timed out retrying: Expected to find element: '#board-size', but never found it.\n    at cypressErr (http://localhost:33277/__cypress/runner/cypress_runner.js:149934:9)\n    at throwErr (http://localhost:33277/__cypress/runner/cypress_runner.js:149867:11)\n    at Object.throwErrByPath (http://localhost:33277/__cypress/runner/cypress_runner.js:149915:3)\n    at retry (http://localhost:33277/__cypress/runner/cypress_runner.js:144197:19)\n    at onFailFn (http://localhost:33277/__cypress/runner/cypress_runner.js:132448:16)\n    at tryCatcher (http://localhost:33277/__cypress/runner/cypress_runner.js:167415:23)\n    at Promise._settlePromiseFromHandler (http://localhost:33277/__cypress/runner/cypress_runner.js:165351:31)\n    at Promise._settlePromise (http://localhost:33277/__cypress/runner/cypress_runner.js:165408:18)\n    at Promise._settlePromise0 (http://localhost:33277/__cypress/runner/cypress_runner.js:165453:10)\n    at Promise._settlePromises (http://localhost:33277/__cypress/runner/cypress_runner.js:165528:18)\n    at Async../node_modules/bluebird/js/release/async.js.Async._drainQueue (http://localhost:33277/__cypress/runner/cypress_runner.js:162140:16)\n    at Async../node_modules/bluebird/js/release/async.js.Async._drainQueues (http://localhost:33277/__cypress/runner/cypress_runner.js:162150:10)\n    at Async.drainQueues (http://localhost:33277/__cypress/runner/cypress_runner.js:162024:14)",
                "diff": null
              },
              "uuid": "a28dd21a-7482-44c8-aa1f-501f5380eb5d",
              "parentUUID": "5e6fc47c-b727-4fe1-b8dc-0135f314f293",
              "isHook": false,
              "skipped": false
            }
          ],
          "suites": [],
          "passes": [],
          "failures": [
            "ad55f179-f82d-4003-9793-5590dd7d429c",
            "483d2668-8a4a-4a88-a3aa-2b0273543b84",
            "b66fb053-bf41-483c-9b33-45f959a97662",
            "cf25e37b-7fda-44e2-ab0a-1e29a54eb707",
            "df6c9663-9b6b-4fe9-b3cf-43e54e0e5857",
            "47eae656-6039-4b9b-8d82-3e433f47a98e",
            "0fb732f0-a65d-41b3-888a-af43f5c9918a",
            "db8ef0ea-30a3-4907-aba0-de9173711d2a",
            "a28dd21a-7482-44c8-aa1f-501f5380eb5d"
          ],
          "pending": [],
          "skipped": [],
          "duration": 38863,
          "root": false,
          "rootEmpty": false,
          "_timeout": 2000
        },
        {
          "uuid": "171fdab2-3b11-4104-a235-850755c953b5",
          "title": "11 - Limite o tamanho mínimo e máximo do board.",
          "fullFile": "",
          "file": "",
          "beforeHooks": [],
          "afterHooks": [],
          "tests": [
            {
              "title": "Verifica se a altura máxima do board é 50",
              "fullTitle": "11 - Limite o tamanho mínimo e máximo do board. Verifica se a altura máxima do board é 50",
              "timedOut": null,
              "duration": 4404,
              "state": "failed",
              "speed": null,
              "pass": false,
              "fail": true,
              "pending": false,
              "context": null,
              "code": "cy.get('#board-size').clear().type(50);\ncy.get('#generate-board').click();\ncy.get('.pixel').should('have.length', 2500);",
              "err": {
                "message": "CypressError: Timed out retrying: Expected to find element: '#board-size', but never found it.",
                "estack": "CypressError: Timed out retrying: Expected to find element: '#board-size', but never found it.\n    at cypressErr (http://localhost:33277/__cypress/runner/cypress_runner.js:149934:9)\n    at throwErr (http://localhost:33277/__cypress/runner/cypress_runner.js:149867:11)\n    at Object.throwErrByPath (http://localhost:33277/__cypress/runner/cypress_runner.js:149915:3)\n    at retry (http://localhost:33277/__cypress/runner/cypress_runner.js:144197:19)\n    at onFailFn (http://localhost:33277/__cypress/runner/cypress_runner.js:132448:16)\n    at tryCatcher (http://localhost:33277/__cypress/runner/cypress_runner.js:167415:23)\n    at Promise._settlePromiseFromHandler (http://localhost:33277/__cypress/runner/cypress_runner.js:165351:31)\n    at Promise._settlePromise (http://localhost:33277/__cypress/runner/cypress_runner.js:165408:18)\n    at Promise._settlePromise0 (http://localhost:33277/__cypress/runner/cypress_runner.js:165453:10)\n    at Promise._settlePromises (http://localhost:33277/__cypress/runner/cypress_runner.js:165528:18)\n    at Async../node_modules/bluebird/js/release/async.js.Async._drainQueue (http://localhost:33277/__cypress/runner/cypress_runner.js:162140:16)\n    at Async../node_modules/bluebird/js/release/async.js.Async._drainQueues (http://localhost:33277/__cypress/runner/cypress_runner.js:162150:10)\n    at Async.drainQueues (http://localhost:33277/__cypress/runner/cypress_runner.js:162024:14)",
                "diff": null
              },
              "uuid": "c8691130-0cbd-46eb-a848-ff9ed6b316e6",
              "parentUUID": "171fdab2-3b11-4104-a235-850755c953b5",
              "isHook": false,
              "skipped": false
            },
            {
              "title": "Verifica se a altura do board é 5 quando um valor menor é colocado no input",
              "fullTitle": "11 - Limite o tamanho mínimo e máximo do board. Verifica se a altura do board é 5 quando um valor menor é colocado no input",
              "timedOut": null,
              "duration": 4316,
              "state": "failed",
              "speed": null,
              "pass": false,
              "fail": true,
              "pending": false,
              "context": null,
              "code": "cy.get('#board-size').clear().type(4);\ncy.get('#generate-board').click();\ncy.get('.pixel').should('have.length', 25);",
              "err": {
                "message": "CypressError: Timed out retrying: Expected to find element: '#board-size', but never found it.",
                "estack": "CypressError: Timed out retrying: Expected to find element: '#board-size', but never found it.\n    at cypressErr (http://localhost:33277/__cypress/runner/cypress_runner.js:149934:9)\n    at throwErr (http://localhost:33277/__cypress/runner/cypress_runner.js:149867:11)\n    at Object.throwErrByPath (http://localhost:33277/__cypress/runner/cypress_runner.js:149915:3)\n    at retry (http://localhost:33277/__cypress/runner/cypress_runner.js:144197:19)\n    at onFailFn (http://localhost:33277/__cypress/runner/cypress_runner.js:132448:16)\n    at tryCatcher (http://localhost:33277/__cypress/runner/cypress_runner.js:167415:23)\n    at Promise._settlePromiseFromHandler (http://localhost:33277/__cypress/runner/cypress_runner.js:165351:31)\n    at Promise._settlePromise (http://localhost:33277/__cypress/runner/cypress_runner.js:165408:18)\n    at Promise._settlePromise0 (http://localhost:33277/__cypress/runner/cypress_runner.js:165453:10)\n    at Promise._settlePromises (http://localhost:33277/__cypress/runner/cypress_runner.js:165528:18)\n    at Async../node_modules/bluebird/js/release/async.js.Async._drainQueue (http://localhost:33277/__cypress/runner/cypress_runner.js:162140:16)\n    at Async../node_modules/bluebird/js/release/async.js.Async._drainQueues (http://localhost:33277/__cypress/runner/cypress_runner.js:162150:10)\n    at Async.drainQueues (http://localhost:33277/__cypress/runner/cypress_runner.js:162024:14)",
                "diff": null
              },
              "uuid": "9106d402-fb88-44a5-918c-c360b2c0152d",
              "parentUUID": "171fdab2-3b11-4104-a235-850755c953b5",
              "isHook": false,
              "skipped": false
            },
            {
              "title": "Verifica se a altura do board é 50 quando um valor maior é colocado no input",
              "fullTitle": "11 - Limite o tamanho mínimo e máximo do board. Verifica se a altura do board é 50 quando um valor maior é colocado no input",
              "timedOut": null,
              "duration": 4352,
              "state": "failed",
              "speed": null,
              "pass": false,
              "fail": true,
              "pending": false,
              "context": null,
              "code": "cy.get('#board-size').clear().type(51);\ncy.get('#generate-board').click();\ncy.get('.pixel').should('have.length', 2500);",
              "err": {
                "message": "CypressError: Timed out retrying: Expected to find element: '#board-size', but never found it.",
                "estack": "CypressError: Timed out retrying: Expected to find element: '#board-size', but never found it.\n    at cypressErr (http://localhost:33277/__cypress/runner/cypress_runner.js:149934:9)\n    at throwErr (http://localhost:33277/__cypress/runner/cypress_runner.js:149867:11)\n    at Object.throwErrByPath (http://localhost:33277/__cypress/runner/cypress_runner.js:149915:3)\n    at retry (http://localhost:33277/__cypress/runner/cypress_runner.js:144197:19)\n    at onFailFn (http://localhost:33277/__cypress/runner/cypress_runner.js:132448:16)\n    at tryCatcher (http://localhost:33277/__cypress/runner/cypress_runner.js:167415:23)\n    at Promise._settlePromiseFromHandler (http://localhost:33277/__cypress/runner/cypress_runner.js:165351:31)\n    at Promise._settlePromise (http://localhost:33277/__cypress/runner/cypress_runner.js:165408:18)\n    at Promise._settlePromise0 (http://localhost:33277/__cypress/runner/cypress_runner.js:165453:10)\n    at Promise._settlePromises (http://localhost:33277/__cypress/runner/cypress_runner.js:165528:18)\n    at Async../node_modules/bluebird/js/release/async.js.Async._drainQueue (http://localhost:33277/__cypress/runner/cypress_runner.js:162140:16)\n    at Async../node_modules/bluebird/js/release/async.js.Async._drainQueues (http://localhost:33277/__cypress/runner/cypress_runner.js:162150:10)\n    at Async.drainQueues (http://localhost:33277/__cypress/runner/cypress_runner.js:162024:14)",
                "diff": null
              },
              "uuid": "9b54cf31-37c6-40b5-bba7-b750d50a69c5",
              "parentUUID": "171fdab2-3b11-4104-a235-850755c953b5",
              "isHook": false,
              "skipped": false
            }
          ],
          "suites": [],
          "passes": [],
          "failures": [
            "c8691130-0cbd-46eb-a848-ff9ed6b316e6",
            "9106d402-fb88-44a5-918c-c360b2c0152d",
            "9b54cf31-37c6-40b5-bba7-b750d50a69c5"
          ],
          "pending": [],
          "skipped": [],
          "duration": 13072,
          "root": false,
          "rootEmpty": false,
          "_timeout": 2000
        },
        {
          "uuid": "3d5be91b-4427-4596-9936-2fe058009961",
          "title": "12 - Faça com que as cores da paleta sejam geradas aleatoriamente ao carregar a página.",
          "fullFile": "",
          "file": "",
          "beforeHooks": [],
          "afterHooks": [],
          "tests": [
            {
              "title": "Verifica se as cores geradas na paleta são diferentes a cada carregamento da página",
              "fullTitle": "12 - Faça com que as cores da paleta sejam geradas aleatoriamente ao carregar a página. Verifica se as cores geradas na paleta são diferentes a cada carregamento da página",
              "timedOut": null,
              "duration": 428,
              "state": "failed",
              "speed": null,
              "pass": false,
              "fail": true,
              "pending": false,
              "context": null,
              "code": "cy.get('.color').then(function (colors) {\n  var currentColors;\n  var previousColors;\n  previousColors = Array.from(colors).map(function (color) {\n    return Cypress.$(color).css('background-color');\n  });\n  for (var i = 0; i < 5; i += 1) {\n    cy.reload();\n    cy.get('.color').then(function (colors) {\n      currentColors = Array.from(colors).map(function (color) {\n        return Cypress.$(color).css('background-color');\n      });\n      expect(currentColors).not.to.deep.equal(previousColors);\n      previousColors = currentColors;\n    });\n  }\n});",
              "err": {
                "message": "AssertionError: expected [ Array(4) ] to not deeply equal [ Array(4) ]",
                "estack": "AssertionError: expected [ Array(4) ] to not deeply equal [ Array(4) ]\n    at getRet (http://localhost:33277/__cypress/runner/cypress_runner.js:136585:16)\n    at tryCatcher (http://localhost:33277/__cypress/runner/cypress_runner.js:167415:23)\n    at Function.Promise.attempt.Promise.try (http://localhost:33277/__cypress/runner/cypress_runner.js:164690:29)\n    at Context.thenFn (http://localhost:33277/__cypress/runner/cypress_runner.js:136599:23)\n    at Context.then (http://localhost:33277/__cypress/runner/cypress_runner.js:136971:21)\n    at Context.<anonymous> (http://localhost:33277/__cypress/runner/cypress_runner.js:148875:21)\n    at http://localhost:33277/__cypress/runner/cypress_runner.js:148351:33\n    at tryCatcher (http://localhost:33277/__cypress/runner/cypress_runner.js:167415:23)\n    at Promise._settlePromiseFromHandler (http://localhost:33277/__cypress/runner/cypress_runner.js:165351:31)\n    at Promise._settlePromise (http://localhost:33277/__cypress/runner/cypress_runner.js:165408:18)\n    at Promise._settlePromiseCtx (http://localhost:33277/__cypress/runner/cypress_runner.js:165445:10)\n    at Async../node_modules/bluebird/js/release/async.js.Async._drainQueue (http://localhost:33277/__cypress/runner/cypress_runner.js:162145:12)\n    at Async../node_modules/bluebird/js/release/async.js.Async._drainQueues (http://localhost:33277/__cypress/runner/cypress_runner.js:162150:10)\n    at Async.drainQueues (http://localhost:33277/__cypress/runner/cypress_runner.js:162024:14)",
                "diff": ""
              },
              "uuid": "752a76e9-8c49-44a3-b419-de5c89badda2",
              "parentUUID": "3d5be91b-4427-4596-9936-2fe058009961",
              "isHook": false,
              "skipped": false
            },
            {
              "title": "Verifica se a cor preta ainda está presente e é a primeira na sua paleta de cores",
              "fullTitle": "12 - Faça com que as cores da paleta sejam geradas aleatoriamente ao carregar a página. Verifica se a cor preta ainda está presente e é a primeira na sua paleta de cores",
              "timedOut": null,
              "duration": 387,
              "state": "failed",
              "speed": null,
              "pass": false,
              "fail": true,
              "pending": false,
              "context": null,
              "code": "cy.get('.color').then(function (colors) {\n  var currentColors;\n  var previousColors;\n  previousColors = Array.from(colors).map(function (color) {\n    return Cypress.$(color).css('background-color');\n  });\n  expect(previousColors[0]).to.eq(BLACK);\n  for (var i = 0; i < 5; i += 1) {\n    cy.reload();\n    cy.get('.color').then(function (colors) {\n      currentColors = Array.from(colors).map(function (color) {\n        return Cypress.$(color).css('background-color');\n      });\n      expect(currentColors[0]).to.eq(BLACK);\n      expect(currentColors).not.to.deep.equal(previousColors);\n      previousColors = currentColors;\n    });\n  }\n});",
              "err": {
                "message": "AssertionError: expected [ Array(4) ] to not deeply equal [ Array(4) ]",
                "estack": "AssertionError: expected [ Array(4) ] to not deeply equal [ Array(4) ]\n    at getRet (http://localhost:33277/__cypress/runner/cypress_runner.js:136585:16)\n    at tryCatcher (http://localhost:33277/__cypress/runner/cypress_runner.js:167415:23)\n    at Function.Promise.attempt.Promise.try (http://localhost:33277/__cypress/runner/cypress_runner.js:164690:29)\n    at Context.thenFn (http://localhost:33277/__cypress/runner/cypress_runner.js:136599:23)\n    at Context.then (http://localhost:33277/__cypress/runner/cypress_runner.js:136971:21)\n    at Context.<anonymous> (http://localhost:33277/__cypress/runner/cypress_runner.js:148875:21)\n    at http://localhost:33277/__cypress/runner/cypress_runner.js:148351:33\n    at tryCatcher (http://localhost:33277/__cypress/runner/cypress_runner.js:167415:23)\n    at Promise._settlePromiseFromHandler (http://localhost:33277/__cypress/runner/cypress_runner.js:165351:31)\n    at Promise._settlePromise (http://localhost:33277/__cypress/runner/cypress_runner.js:165408:18)\n    at Promise._settlePromiseCtx (http://localhost:33277/__cypress/runner/cypress_runner.js:165445:10)\n    at Async../node_modules/bluebird/js/release/async.js.Async._drainQueue (http://localhost:33277/__cypress/runner/cypress_runner.js:162145:12)\n    at Async../node_modules/bluebird/js/release/async.js.Async._drainQueues (http://localhost:33277/__cypress/runner/cypress_runner.js:162150:10)\n    at Async.drainQueues (http://localhost:33277/__cypress/runner/cypress_runner.js:162024:14)",
                "diff": ""
              },
              "uuid": "33dd0e94-f40b-47e1-b5a9-f5398bf34a2f",
              "parentUUID": "3d5be91b-4427-4596-9936-2fe058009961",
              "isHook": false,
              "skipped": false
            }
          ],
          "suites": [],
          "passes": [],
          "failures": [
            "752a76e9-8c49-44a3-b419-de5c89badda2",
            "33dd0e94-f40b-47e1-b5a9-f5398bf34a2f"
          ],
          "pending": [],
          "skipped": [],
          "duration": 815,
          "root": false,
          "rootEmpty": false,
          "_timeout": 2000
        }
      ],
      "passes": [],
      "failures": [],
      "pending": [],
      "skipped": [],
      "duration": 0,
      "root": true,
      "rootEmpty": true,
      "_timeout": 2000
    }
  ],
  "meta": {
    "mocha": {
      "version": "7.0.1"
    },
    "mochawesome": {
      "options": {
        "quiet": false,
        "reportFilename": "mochawesome",
        "saveHtml": false,
        "saveJson": true,
        "consoleReporter": "spec",
        "useInlineDiffs": false
      },
      "version": "4.1.0"
    },
    "marge": {
      "options": {
        "id": "default",
        "reportDir": "cypress/reports",
        "overwrite": true,
        "html": false,
        "json": true
      },
      "version": "4.1.0"
    }
  }
}